0 info it worked if it ends with ok
1 verbose cli [ '/usr/bin/node',
1 verbose cli   '/usr/share/npm/bin/npm-cli.js',
1 verbose cli   'run',
1 verbose cli   'codegen:chainlink',
1 verbose cli   '--scripts-prepend-node-path=auto' ]
2 info using npm@3.5.2
3 info using node@v8.10.0
4 verbose run-script [ 'precodegen:chainlink',
4 verbose run-script   'codegen:chainlink',
4 verbose run-script   'postcodegen:chainlink' ]
5 info lifecycle synthetix-subgraph@1.2.1~precodegen:chainlink: synthetix-subgraph@1.2.1
6 silly lifecycle synthetix-subgraph@1.2.1~precodegen:chainlink: no script for precodegen:chainlink, continuing
7 info lifecycle synthetix-subgraph@1.2.1~codegen:chainlink: synthetix-subgraph@1.2.1
8 verbose lifecycle synthetix-subgraph@1.2.1~codegen:chainlink: unsafe-perm in lifecycle true
9 verbose lifecycle synthetix-subgraph@1.2.1~codegen:chainlink: PATH: /usr/share/npm/bin/node-gyp-bin:/home/allen/Documents/horizon-subgraph-master/node_modules/.bin:/sbin:/bin:/usr/bin:/usr/local/bin:/snap/bin
10 verbose lifecycle synthetix-subgraph@1.2.1~codegen:chainlink: CWD: /home/allen/Documents/horizon-subgraph-master
11 silly lifecycle synthetix-subgraph@1.2.1~codegen:chainlink: Args: [ '-c',
11 silly lifecycle   'npm run yaml:chainlink && npm run codegen -- subgraphs/synthetix-chainlink.yaml' ]
12 silly lifecycle synthetix-subgraph@1.2.1~codegen:chainlink: Returned: code: 1  signal: null
13 info lifecycle synthetix-subgraph@1.2.1~codegen:chainlink: Failed to exec codegen:chainlink script
14 verbose stack Error: synthetix-subgraph@1.2.1 codegen:chainlink: `npm run yaml:chainlink && npm run codegen -- subgraphs/synthetix-chainlink.yaml`
14 verbose stack Exit status 1
14 verbose stack     at EventEmitter.<anonymous> (/usr/share/npm/lib/utils/lifecycle.js:232:16)
14 verbose stack     at emitTwo (events.js:126:13)
14 verbose stack     at EventEmitter.emit (events.js:214:7)
14 verbose stack     at ChildProcess.<anonymous> (/usr/share/npm/lib/utils/spawn.js:24:14)
14 verbose stack     at emitTwo (events.js:126:13)
14 verbose stack     at ChildProcess.emit (events.js:214:7)
14 verbose stack     at maybeClose (internal/child_process.js:925:16)
14 verbose stack     at Process.ChildProcess._handle.onexit (internal/child_process.js:209:5)
15 verbose pkgid synthetix-subgraph@1.2.1
16 verbose cwd /home/allen/Documents/horizon-subgraph-master
17 error Linux 5.4.0-92-generic
18 error argv "/usr/bin/node" "/usr/share/npm/bin/npm-cli.js" "run" "codegen:chainlink" "--scripts-prepend-node-path=auto"
19 error node v8.10.0
20 error npm  v3.5.2
21 error code ELIFECYCLE
22 error synthetix-subgraph@1.2.1 codegen:chainlink: `npm run yaml:chainlink && npm run codegen -- subgraphs/synthetix-chainlink.yaml`
22 error Exit status 1
23 error Failed at the synthetix-subgraph@1.2.1 codegen:chainlink script 'npm run yaml:chainlink && npm run codegen -- subgraphs/synthetix-chainlink.yaml'.
23 error Make sure you have the latest version of node.js and npm installed.
23 error If you do, this is most likely a problem with the synthetix-subgraph package,
23 error not with npm itself.
23 error Tell the author that this fails on your system:
23 error     npm run yaml:chainlink && npm run codegen -- subgraphs/synthetix-chainlink.yaml
23 error You can get information on how to open an issue for this project with:
23 error     npm bugs synthetix-subgraph
23 error Or if that isn't available, you can get their info via:
23 error     npm owner ls synthetix-subgraph
23 error There is likely additional logging output above.
24 verbose exit [ 1, true ]
